This is XeTeX, Version 3.141592653-2.6-0.999995 (TeX Live 2023) (preloaded format=xelatex 2023.12.21)  11 FEB 2024 03:39
entering extended mode
 restricted \write18 enabled.
 %&-line parsing enabled.
**R4EnvChem.tex
(./R4EnvChem.tex
LaTeX2e <2023-11-01>
L3 programming layer <2023-12-11>
(/usr/local/texlive/texmf-dist/tex/latex/base/book.cls
Document Class: book 2023/05/17 v1.4n Standard LaTeX document class
(/usr/local/texlive/texmf-dist/tex/latex/base/bk10.clo
File: bk10.clo 2023/05/17 v1.4n Standard LaTeX file (size option)
)
\c@part=\count183
\c@chapter=\count184
\c@section=\count185
\c@subsection=\count186
\c@subsubsection=\count187
\c@paragraph=\count188
\c@subparagraph=\count189
\c@figure=\count190
\c@table=\count191
\abovecaptionskip=\skip48
\belowcaptionskip=\skip49
\bibindent=\dimen140
) (/usr/local/texlive/texmf-dist/tex/latex/amsmath/amsmath.sty
Package: amsmath 2023/05/13 v2.17o AMS math features
\@mathmargin=\skip50
For additional information on amsmath, use the `?' option.
(/usr/local/texlive/texmf-dist/tex/latex/amsmath/amstext.sty
Package: amstext 2021/08/26 v2.01 AMS text
(/usr/local/texlive/texmf-dist/tex/latex/amsmath/amsgen.sty
File: amsgen.sty 1999/11/30 v2.0 generic functions
\@emptytoks=\toks17
\ex@=\dimen141
)) (/usr/local/texlive/texmf-dist/tex/latex/amsmath/amsbsy.sty
Package: amsbsy 1999/11/29 v1.2d Bold Symbols
\pmbraise@=\dimen142
) (/usr/local/texlive/texmf-dist/tex/latex/amsmath/amsopn.sty
Package: amsopn 2022/04/08 v2.04 operator names
)
\inf@bad=\count192
LaTeX Info: Redefining \frac on input line 234.
\uproot@=\count193
\leftroot@=\count194
LaTeX Info: Redefining \overline on input line 399.
LaTeX Info: Redefining \colon on input line 410.
\classnum@=\count195
\DOTSCASE@=\count196
LaTeX Info: Redefining \ldots on input line 496.
LaTeX Info: Redefining \dots on input line 499.
LaTeX Info: Redefining \cdots on input line 620.
\Mathstrutbox@=\box51
\strutbox@=\box52
LaTeX Info: Redefining \big on input line 722.
LaTeX Info: Redefining \Big on input line 723.
LaTeX Info: Redefining \bigg on input line 724.
LaTeX Info: Redefining \Bigg on input line 725.
\big@size=\dimen143
LaTeX Font Info:    Redeclaring font encoding OML on input line 743.
LaTeX Font Info:    Redeclaring font encoding OMS on input line 744.
\macc@depth=\count197
LaTeX Info: Redefining \bmod on input line 905.
LaTeX Info: Redefining \pmod on input line 910.
LaTeX Info: Redefining \smash on input line 940.
LaTeX Info: Redefining \relbar on input line 970.
LaTeX Info: Redefining \Relbar on input line 971.
\c@MaxMatrixCols=\count198
\dotsspace@=\muskip16
\c@parentequation=\count199
\dspbrk@lvl=\count266
\tag@help=\toks18
\row@=\count267
\column@=\count268
\maxfields@=\count269
\andhelp@=\toks19
\eqnshift@=\dimen144
\alignsep@=\dimen145
\tagshift@=\dimen146
\tagwidth@=\dimen147
\totwidth@=\dimen148
\lineht@=\dimen149
\@envbody=\toks20
\multlinegap=\skip51
\multlinetaggap=\skip52
\mathdisplay@stack=\toks21
LaTeX Info: Redefining \[ on input line 2953.
LaTeX Info: Redefining \] on input line 2954.
) (/usr/local/texlive/texmf-dist/tex/latex/amsfonts/amssymb.sty
Package: amssymb 2013/01/14 v3.01 AMS font symbols
(/usr/local/texlive/texmf-dist/tex/latex/amsfonts/amsfonts.sty
Package: amsfonts 2013/01/14 v3.01 Basic AMSFonts support
\symAMSa=\mathgroup4
\symAMSb=\mathgroup5
LaTeX Font Info:    Redeclaring math symbol \hbar on input line 98.
LaTeX Font Info:    Overwriting math alphabet `\mathfrak' in version `bold'
(Font)                  U/euf/m/n --> U/euf/b/n on input line 106.
)) (/usr/local/texlive/texmf-dist/tex/generic/iftex/iftex.sty
Package: iftex 2022/02/03 v1.0f TeX engine tests
) (/usr/local/texlive/texmf-dist/tex/latex/unicode-math/unicode-math.sty (/usr/
local/texlive/texmf-dist/tex/latex/l3kernel/expl3.sty
Package: expl3 2023-12-11 L3 programming layer (loader) 
(/usr/local/texlive/texmf-dist/tex/latex/l3backend/l3backend-xetex.def
File: l3backend-xetex.def 2023-11-09 L3 backend support: XeTeX
\g__graphics_track_int=\count270
\l__pdf_internal_box=\box53
\g__pdf_backend_object_int=\count271
\g__pdf_backend_annotation_int=\count272
\g__pdf_backend_link_int=\count273
))
Package: unicode-math 2023/08/13 v0.8r Unicode maths in XeLaTeX and LuaLaTeX
(/usr/local/texlive/texmf-dist/tex/latex/unicode-math/unicode-math-xetex.sty
Package: unicode-math-xetex 2023/08/13 v0.8r Unicode maths in XeLaTeX and LuaLa
TeX
(/usr/local/texlive/texmf-dist/tex/latex/l3packages/xparse/xparse.sty
Package: xparse 2023-10-10 L3 Experimental document command parser
) (/usr/local/texlive/texmf-dist/tex/latex/l3packages/l3keys2e/l3keys2e.sty
Package: l3keys2e 2023-10-10 LaTeX2e option processing using LaTeX3 keys
) (/usr/local/texlive/texmf-dist/tex/latex/fontspec/fontspec.sty
Package: fontspec 2022/01/15 v2.8a Font selection for XeLaTeX and LuaLaTeX
(/usr/local/texlive/texmf-dist/tex/latex/fontspec/fontspec-xetex.sty
Package: fontspec-xetex 2022/01/15 v2.8a Font selection for XeLaTeX and LuaLaTe
X
\l__fontspec_script_int=\count274
\l__fontspec_language_int=\count275
\l__fontspec_strnum_int=\count276
\l__fontspec_tmp_int=\count277
\l__fontspec_tmpa_int=\count278
\l__fontspec_tmpb_int=\count279
\l__fontspec_tmpc_int=\count280
\l__fontspec_em_int=\count281
\l__fontspec_emdef_int=\count282
\l__fontspec_strong_int=\count283
\l__fontspec_strongdef_int=\count284
\l__fontspec_tmpa_dim=\dimen150
\l__fontspec_tmpb_dim=\dimen151
\l__fontspec_tmpc_dim=\dimen152
(/usr/local/texlive/texmf-dist/tex/latex/base/fontenc.sty
Package: fontenc 2021/04/29 v2.0v Standard LaTeX package
) (/usr/local/texlive/texmf-dist/tex/latex/fontspec/fontspec.cfg))) (/usr/local
/texlive/texmf-dist/tex/latex/base/fix-cm.sty
Package: fix-cm 2020/11/24 v1.1t fixes to LaTeX
(/usr/local/texlive/texmf-dist/tex/latex/base/ts1enc.def
File: ts1enc.def 2001/06/05 v3.0e (jk/car/fm) Standard LaTeX file
LaTeX Font Info:    Redeclaring font encoding TS1 on input line 47.
))
\g__um_fam_int=\count285
\g__um_fonts_used_int=\count286
\l__um_primecount_int=\count287
\g__um_primekern_muskip=\muskip17
(/usr/local/texlive/texmf-dist/tex/latex/unicode-math/unicode-math-table.tex)))
(/usr/local/texlive/texmf-dist/tex/latex/lm/lmodern.sty
Package: lmodern 2015/05/01 v1.6.1 Latin Modern Fonts
LaTeX Font Info:    Overwriting symbol font `operators' in version `normal'
(Font)                  OT1/cmr/m/n --> OT1/lmr/m/n on input line 22.
LaTeX Font Info:    Overwriting symbol font `letters' in version `normal'
(Font)                  OML/cmm/m/it --> OML/lmm/m/it on input line 23.
LaTeX Font Info:    Overwriting symbol font `symbols' in version `normal'
(Font)                  OMS/cmsy/m/n --> OMS/lmsy/m/n on input line 24.
LaTeX Font Info:    Overwriting symbol font `largesymbols' in version `normal'
(Font)                  OMX/cmex/m/n --> OMX/lmex/m/n on input line 25.
LaTeX Font Info:    Overwriting symbol font `operators' in version `bold'
(Font)                  OT1/cmr/bx/n --> OT1/lmr/bx/n on input line 26.
LaTeX Font Info:    Overwriting symbol font `letters' in version `bold'
(Font)                  OML/cmm/b/it --> OML/lmm/b/it on input line 27.
LaTeX Font Info:    Overwriting symbol font `symbols' in version `bold'
(Font)                  OMS/cmsy/b/n --> OMS/lmsy/b/n on input line 28.
LaTeX Font Info:    Overwriting symbol font `largesymbols' in version `bold'
(Font)                  OMX/cmex/m/n --> OMX/lmex/m/n on input line 29.
LaTeX Font Info:    Overwriting math alphabet `\mathbf' in version `normal'
(Font)                  OT1/cmr/bx/n --> OT1/lmr/bx/n on input line 31.
LaTeX Font Info:    Overwriting math alphabet `\mathsf' in version `normal'
(Font)                  OT1/cmss/m/n --> OT1/lmss/m/n on input line 32.
LaTeX Font Info:    Overwriting math alphabet `\mathit' in version `normal'
(Font)                  OT1/cmr/m/it --> OT1/lmr/m/it on input line 33.
LaTeX Font Info:    Overwriting math alphabet `\mathtt' in version `normal'
(Font)                  OT1/cmtt/m/n --> OT1/lmtt/m/n on input line 34.
LaTeX Font Info:    Overwriting math alphabet `\mathbf' in version `bold'
(Font)                  OT1/cmr/bx/n --> OT1/lmr/bx/n on input line 35.
LaTeX Font Info:    Overwriting math alphabet `\mathsf' in version `bold'
(Font)                  OT1/cmss/bx/n --> OT1/lmss/bx/n on input line 36.
LaTeX Font Info:    Overwriting math alphabet `\mathit' in version `bold'
(Font)                  OT1/cmr/bx/it --> OT1/lmr/bx/it on input line 37.
LaTeX Font Info:    Overwriting math alphabet `\mathtt' in version `bold'
(Font)                  OT1/cmtt/m/n --> OT1/lmtt/m/n on input line 38.
) (/usr/local/texlive/texmf-dist/tex/latex/upquote/upquote.sty
Package: upquote 2012/04/19 v1.3 upright-quote and grave-accent glyphs in verba
tim
(/usr/local/texlive/texmf-dist/tex/latex/base/textcomp.sty
Package: textcomp 2020/02/02 v2.0n Standard LaTeX package
)) (/usr/local/texlive/texmf-dist/tex/latex/parskip/parskip.sty
Package: parskip 2021-03-14 v2.0h non-zero parskip adjustments
(/usr/local/texlive/texmf-dist/tex/latex/kvoptions/kvoptions.sty
Package: kvoptions 2022-06-15 v3.15 Key value format for package options (HO)
(/usr/local/texlive/texmf-dist/tex/latex/graphics/keyval.sty
Package: keyval 2022/05/29 v1.15 key=value parser (DPC)
\KV@toks@=\toks22
) (/usr/local/texlive/texmf-dist/tex/generic/ltxcmds/ltxcmds.sty
Package: ltxcmds 2023-12-04 v1.26 LaTeX kernel commands for general use (HO)
) (/usr/local/texlive/texmf-dist/tex/latex/kvsetkeys/kvsetkeys.sty
Package: kvsetkeys 2022-10-05 v1.19 Key value parser (HO)
)) (/usr/local/texlive/texmf-dist/tex/latex/etoolbox/etoolbox.sty
Package: etoolbox 2020/10/05 v2.5k e-TeX tools for LaTeX (JAW)
\etb@tempcnta=\count288
)) (/usr/local/texlive/texmf-dist/tex/latex/xcolor/xcolor.sty
Package: xcolor 2023/11/15 v3.01 LaTeX color extensions (UK)
(/usr/local/texlive/texmf-dist/tex/latex/graphics-cfg/color.cfg
File: color.cfg 2016/01/02 v1.6 sample color configuration
)
Package xcolor Info: Driver file: xetex.def on input line 274.
(/usr/local/texlive/texmf-dist/tex/latex/graphics-def/xetex.def
File: xetex.def 2022/09/22 v5.0n Graphics/color driver for xetex
) (/usr/local/texlive/texmf-dist/tex/latex/graphics/mathcolor.ltx)
Package xcolor Info: Model `cmy' substituted by `cmy0' on input line 1350.
Package xcolor Info: Model `RGB' extended on input line 1366.
Package xcolor Info: Model `HTML' substituted by `rgb' on input line 1368.
Package xcolor Info: Model `Hsb' substituted by `hsb' on input line 1369.
Package xcolor Info: Model `tHsb' substituted by `hsb' on input line 1370.
Package xcolor Info: Model `HSB' substituted by `hsb' on input line 1371.
Package xcolor Info: Model `Gray' substituted by `gray' on input line 1372.
Package xcolor Info: Model `wave' substituted by `hsb' on input line 1373.
) (/usr/local/texlive/texmf-dist/tex/latex/fancyvrb/fancyvrb.sty
Package: fancyvrb 2024/01/20 4.5c verbatim text (tvz,hv)
\FV@CodeLineNo=\count289
\FV@InFile=\read2
\FV@TabBox=\box54
\c@FancyVerbLine=\count290
\FV@StepNumber=\count291
\FV@OutFile=\write3
) (/usr/local/texlive/texmf-dist/tex/latex/framed/framed.sty
Package: framed 2011/10/22 v 0.96: framed or shaded text with page breaks
\OuterFrameSep=\skip53
\fb@frw=\dimen153
\fb@frh=\dimen154
\FrameRule=\dimen155
\FrameSep=\dimen156
) (/usr/local/texlive/texmf-dist/tex/latex/tools/longtable.sty
Package: longtable 2023-11-01 v4.19 Multi-page Table package (DPC)
\LTleft=\skip54
\LTright=\skip55
\LTpre=\skip56
\LTpost=\skip57
\LTchunksize=\count292
\LTcapwidth=\dimen157
\LT@head=\box55
\LT@firsthead=\box56
\LT@foot=\box57
\LT@lastfoot=\box58
\LT@gbox=\box59
\LT@cols=\count293
\LT@rows=\count294
\c@LT@tables=\count295
\c@LT@chunks=\count296
\LT@p@ftn=\toks23
) (/usr/local/texlive/texmf-dist/tex/latex/booktabs/booktabs.sty
Package: booktabs 2020/01/12 v1.61803398 Publication quality tables
\heavyrulewidth=\dimen158
\lightrulewidth=\dimen159
\cmidrulewidth=\dimen160
\belowrulesep=\dimen161
\belowbottomsep=\dimen162
\aboverulesep=\dimen163
\abovetopsep=\dimen164
\cmidrulesep=\dimen165
\cmidrulekern=\dimen166
\defaultaddspace=\dimen167
\@cmidla=\count297
\@cmidlb=\count298
\@aboverulesep=\dimen168
\@belowrulesep=\dimen169
\@thisruleclass=\count299
\@lastruleclass=\count300
\@thisrulewidth=\dimen170
) (/usr/local/texlive/texmf-dist/tex/latex/tools/array.sty
Package: array 2023/10/16 v2.5g Tabular extension package (FMi)
\col@sep=\dimen171
\ar@mcellbox=\box60
\extrarowheight=\dimen172
\NC@list=\toks24
\extratabsurround=\skip58
\backup@length=\skip59
\ar@cellbox=\box61
) (/usr/local/texlive/texmf-dist/tex/latex/tools/calc.sty
Package: calc 2023/07/08 v4.3 Infix arithmetic (KKT,FJ)
\calc@Acount=\count301
\calc@Bcount=\count302
\calc@Adimen=\dimen173
\calc@Bdimen=\dimen174
\calc@Askip=\skip60
\calc@Bskip=\skip61
LaTeX Info: Redefining \setlength on input line 80.
LaTeX Info: Redefining \addtolength on input line 81.
\calc@Ccount=\count303
\calc@Cskip=\skip62
) (/usr/local/texlive/texmf-dist/tex/latex/mdwtools/footnote.sty
Package: footnote 1997/01/28 1.13 Save footnotes around boxes
\fn@notes=\box62
\fn@width=\dimen175
) (/usr/local/texlive/texmf-dist/tex/latex/graphics/graphicx.sty
Package: graphicx 2021/09/16 v1.2d Enhanced LaTeX Graphics (DPC,SPQR)
(/usr/local/texlive/texmf-dist/tex/latex/graphics/graphics.sty
Package: graphics 2022/03/10 v1.4e Standard LaTeX Graphics (DPC,SPQR)
(/usr/local/texlive/texmf-dist/tex/latex/graphics/trig.sty
Package: trig 2021/08/11 v1.11 sin cos tan (DPC)
) (/usr/local/texlive/texmf-dist/tex/latex/graphics-cfg/graphics.cfg
File: graphics.cfg 2016/06/04 v1.11 sample graphics configuration
)
Package graphics Info: Driver file: xetex.def on input line 107.
)
\Gin@req@height=\dimen176
\Gin@req@width=\dimen177
)
\cslhangindent=\skip63
\csllabelwidth=\skip64
\cslentryspacingunit=\skip65
(/usr/local/texlive/texmf-dist/tex/latex/multirow/multirow.sty
Package: multirow 2021/03/15 v2.8 Span multiple rows of a table
\multirow@colwidth=\skip66
\multirow@cntb=\count304
\multirow@dima=\skip67
\bigstrutjot=\dimen178
) (/usr/local/texlive/texmf-dist/tex/latex/tools/multicol.sty
Package: multicol 2023/03/30 v1.9f multicolumn formatting (FMi)
\c@tracingmulticols=\count305
\mult@box=\box63
\multicol@leftmargin=\dimen179
\c@unbalance=\count306
\c@collectmore=\count307
\doublecol@number=\count308
\multicoltolerance=\count309
\multicolpretolerance=\count310
\full@width=\dimen180
\page@free=\dimen181
\premulticols=\dimen182
\postmulticols=\dimen183
\multicolsep=\skip68
\multicolbaselineskip=\skip69
\partial@page=\box64
\last@line=\box65
\mc@boxedresult=\box66
\maxbalancingoverflow=\dimen184
\mult@rightbox=\box67
\mult@grightbox=\box68
\mult@firstbox=\box69
\mult@gfirstbox=\box70
\@tempa=\box71
\@tempa=\box72
\@tempa=\box73
\@tempa=\box74
\@tempa=\box75
\@tempa=\box76
\@tempa=\box77
\@tempa=\box78
\@tempa=\box79
\@tempa=\box80
\@tempa=\box81
\@tempa=\box82
\@tempa=\box83
\@tempa=\box84
\@tempa=\box85
\@tempa=\box86
\@tempa=\box87
\@tempa=\box88
\@tempa=\box89
\@tempa=\box90
\@tempa=\box91
\@tempa=\box92
\@tempa=\box93
\@tempa=\box94
\@tempa=\box95
\@tempa=\box96
\@tempa=\box97
\@tempa=\box98
\@tempa=\box99
\@tempa=\box100
\@tempa=\box101
\@tempa=\box102
\@tempa=\box103
\@tempa=\box104
\@tempa=\box105
\@tempa=\box106
\c@minrows=\count311
\c@columnbadness=\count312
\c@finalcolumnbadness=\count313
\last@try=\dimen185
\multicolovershoot=\dimen186
\multicolundershoot=\dimen187
\mult@nat@firstbox=\box107
\colbreak@box=\box108
\mc@col@check@num=\count314
) (/usr/local/texlive/texmf-dist/tex/latex/colortbl/colortbl.sty
Package: colortbl 2022/06/20 v1.0f Color table columns (DPC)
\everycr=\toks25
\minrowclearance=\skip70
\rownum=\count315
) (/usr/local/texlive/texmf-dist/tex/latex/tools/hhline.sty
Package: hhline 2020/01/04 v2.04 Table rule package (DPC)
)
\Oldarrayrulewidth=\skip71
\Oldtabcolsep=\skip72
(/usr/local/texlive/texmf-dist/tex/latex/hyperref/hyperref.sty
Package: hyperref 2023-11-26 v7.01g Hypertext links for LaTeX
(/usr/local/texlive/texmf-dist/tex/generic/infwarerr/infwarerr.sty
Package: infwarerr 2019/12/03 v1.5 Providing info/warning/error messages (HO)
) (/usr/local/texlive/texmf-dist/tex/generic/kvdefinekeys/kvdefinekeys.sty
Package: kvdefinekeys 2019-12-19 v1.6 Define keys (HO)
) (/usr/local/texlive/texmf-dist/tex/generic/pdfescape/pdfescape.sty
Package: pdfescape 2019/12/09 v1.15 Implements pdfTeX's escape features (HO)
(/usr/local/texlive/texmf-dist/tex/generic/pdftexcmds/pdftexcmds.sty
Package: pdftexcmds 2020-06-27 v0.33 Utility functions of pdfTeX for LuaTeX (HO
)
Package pdftexcmds Info: \pdf@primitive is available.
Package pdftexcmds Info: \pdf@ifprimitive is available.
Package pdftexcmds Info: \pdfdraftmode not found.
)) (/usr/local/texlive/texmf-dist/tex/latex/hycolor/hycolor.sty
Package: hycolor 2020-01-27 v1.10 Color options for hyperref/bookmark (HO)
) (/usr/local/texlive/texmf-dist/tex/latex/letltxmacro/letltxmacro.sty
Package: letltxmacro 2019/12/03 v1.6 Let assignment for LaTeX macros (HO)
) (/usr/local/texlive/texmf-dist/tex/latex/auxhook/auxhook.sty
Package: auxhook 2019-12-17 v1.6 Hooks for auxiliary files (HO)
) (/usr/local/texlive/texmf-dist/tex/latex/hyperref/nameref.sty
Package: nameref 2023-11-26 v2.56 Cross-referencing by name of section
(/usr/local/texlive/texmf-dist/tex/latex/refcount/refcount.sty
Package: refcount 2019/12/15 v3.6 Data extraction from label references (HO)
) (/usr/local/texlive/texmf-dist/tex/generic/gettitlestring/gettitlestring.sty
Package: gettitlestring 2019/12/15 v1.6 Cleanup title references (HO)
)
\c@section@level=\count316
)
\@linkdim=\dimen188
\Hy@linkcounter=\count317
\Hy@pagecounter=\count318
(/usr/local/texlive/texmf-dist/tex/latex/hyperref/pd1enc.def
File: pd1enc.def 2023-11-26 v7.01g Hyperref: PDFDocEncoding definition (HO)
) (/usr/local/texlive/texmf-dist/tex/generic/intcalc/intcalc.sty
Package: intcalc 2019/12/15 v1.3 Expandable calculations with integers (HO)
)
\Hy@SavedSpaceFactor=\count319
(/usr/local/texlive/texmf-dist/tex/latex/hyperref/puenc.def
File: puenc.def 2023-11-26 v7.01g Hyperref: PDF Unicode definition (HO)
)
Package hyperref Info: Option `unicode' set `true' on input line 4064.
Package hyperref Info: Hyper figures OFF on input line 4181.
Package hyperref Info: Link nesting OFF on input line 4186.
Package hyperref Info: Hyper index ON on input line 4189.
Package hyperref Info: Plain pages OFF on input line 4196.
Package hyperref Info: Backreferencing OFF on input line 4201.
Package hyperref Info: Implicit mode ON; LaTeX internals redefined.
Package hyperref Info: Bookmarks ON on input line 4448.
\c@Hy@tempcnt=\count320
(/usr/local/texlive/texmf-dist/tex/latex/url/url.sty
\Urlmuskip=\muskip18
Package: url 2013/09/16  ver 3.4  Verb mode for urls, etc.
)
LaTeX Info: Redefining \url on input line 4786.
\XeTeXLinkMargin=\dimen189
(/usr/local/texlive/texmf-dist/tex/generic/bitset/bitset.sty
Package: bitset 2019/12/09 v1.3 Handle bit-vector datatype (HO)
(/usr/local/texlive/texmf-dist/tex/generic/bigintcalc/bigintcalc.sty
Package: bigintcalc 2019/12/15 v1.5 Expandable calculations on big integers (HO
)
))
\Fld@menulength=\count321
\Field@Width=\dimen190
\Fld@charsize=\dimen191
Package hyperref Info: Hyper figures OFF on input line 6065.
Package hyperref Info: Link nesting OFF on input line 6070.
Package hyperref Info: Hyper index ON on input line 6073.
Package hyperref Info: backreferencing OFF on input line 6080.
Package hyperref Info: Link coloring OFF on input line 6085.
Package hyperref Info: Link coloring with OCG OFF on input line 6090.
Package hyperref Info: PDF/A mode OFF on input line 6095.
(/usr/local/texlive/texmf-dist/tex/latex/base/atbegshi-ltx.sty
Package: atbegshi-ltx 2021/01/10 v1.0c Emulation of the original atbegshi
package with kernel methods
)
\Hy@abspage=\count322
\c@Item=\count323
\c@Hfootnote=\count324
)
Package hyperref Info: Driver (autodetected): hxetex.
(/usr/local/texlive/texmf-dist/tex/latex/hyperref/hxetex.def
File: hxetex.def 2023-11-26 v7.01g Hyperref driver for XeTeX
(/usr/local/texlive/texmf-dist/tex/generic/stringenc/stringenc.sty
Package: stringenc 2019/11/29 v1.12 Convert strings between diff. encodings (HO
)
)
\pdfm@box=\box109
\c@Hy@AnnotLevel=\count325
\HyField@AnnotCount=\count326
\Fld@listcount=\count327
\c@bookmark@seq@number=\count328
(/usr/local/texlive/texmf-dist/tex/latex/rerunfilecheck/rerunfilecheck.sty
Package: rerunfilecheck 2022-07-10 v1.10 Rerun checks for auxiliary files (HO)
(/usr/local/texlive/texmf-dist/tex/latex/base/atveryend-ltx.sty
Package: atveryend-ltx 2020/08/19 v1.0a Emulation of the original atveryend pac
kage
with kernel methods
) (/usr/local/texlive/texmf-dist/tex/generic/uniquecounter/uniquecounter.sty
Package: uniquecounter 2019/12/15 v1.4 Provide unlimited unique counter (HO)
)
Package uniquecounter Info: New unique counter `rerunfilecheck' on input line 2
85.
)
\Hy@SectionHShift=\skip73
) (/usr/local/texlive/texmf-dist/tex/latex/float/float.sty
Package: float 2001/11/08 v1.3d Float enhancements (AL)
\c@float@type=\count329
\float@exts=\toks26
\float@box=\box110
\@float@everytoks=\toks27
\@floatcapt=\box111
) (/usr/local/texlive/texmf-dist/tex/latex/wrapfig/wrapfig.sty
\wrapoverhang=\dimen192
\WF@size=\dimen193
\c@WF@wrappedlines=\count330
\WF@box=\box112
\WF@everypar=\toks28
Package: wrapfig 2003/01/31  v 3.6
) (/usr/local/texlive/texmf-dist/tex/latex/bookmark/bookmark.sty
Package: bookmark 2023-12-10 v1.31 PDF bookmarks (HO)
(/usr/local/texlive/texmf-dist/tex/latex/bookmark/bkm-dvipdfm.def
File: bkm-dvipdfm.def 2023-12-10 v1.31 bookmark driver for dvipdfm (HO)
\BKM@id=\count331
))
No file R4EnvChem.aux.
\openout1 = `R4EnvChem.aux'.

LaTeX Font Info:    Checking defaults for OML/cmm/m/it on input line 157.
LaTeX Font Info:    ... okay on input line 157.
LaTeX Font Info:    Checking defaults for OMS/cmsy/m/n on input line 157.
LaTeX Font Info:    ... okay on input line 157.
LaTeX Font Info:    Checking defaults for OT1/cmr/m/n on input line 157.
LaTeX Font Info:    ... okay on input line 157.
LaTeX Font Info:    Checking defaults for T1/cmr/m/n on input line 157.
LaTeX Font Info:    ... okay on input line 157.
LaTeX Font Info:    Checking defaults for TS1/cmr/m/n on input line 157.
LaTeX Font Info:    ... okay on input line 157.
LaTeX Font Info:    Checking defaults for TU/lmr/m/n on input line 157.
LaTeX Font Info:    ... okay on input line 157.
LaTeX Font Info:    Checking defaults for OMX/cmex/m/n on input line 157.
LaTeX Font Info:    ... okay on input line 157.
LaTeX Font Info:    Checking defaults for U/cmr/m/n on input line 157.
LaTeX Font Info:    ... okay on input line 157.
LaTeX Font Info:    Checking defaults for PD1/pdf/m/n on input line 157.
LaTeX Font Info:    ... okay on input line 157.
LaTeX Font Info:    Checking defaults for PU/pdf/m/n on input line 157.
LaTeX Font Info:    ... okay on input line 157.
LaTeX Font Info:    Overwriting math alphabet `\mathrm' in version `normal'
(Font)                  OT1/lmr/m/n --> TU/lmr/m/n on input line 157.
LaTeX Font Info:    Overwriting math alphabet `\mathit' in version `normal'
(Font)                  OT1/lmr/m/it --> TU/lmr/m/it on input line 157.
LaTeX Font Info:    Overwriting math alphabet `\mathbf' in version `normal'
(Font)                  OT1/lmr/bx/n --> TU/lmr/bx/n on input line 157.
LaTeX Font Info:    Overwriting math alphabet `\mathsf' in version `normal'
(Font)                  OT1/lmss/m/n --> TU/lmss/m/n on input line 157.
LaTeX Font Info:    Overwriting math alphabet `\mathsf' in version `bold'
(Font)                  OT1/lmss/bx/n --> TU/lmss/bx/n on input line 157.
LaTeX Font Info:    Overwriting math alphabet `\mathtt' in version `normal'
(Font)                  OT1/lmtt/m/n --> TU/lmtt/m/n on input line 157.
LaTeX Font Info:    Overwriting math alphabet `\mathtt' in version `bold'
(Font)                  OT1/lmtt/m/n --> TU/lmtt/bx/n on input line 157.

Package fontspec Info: latinmodern-math scale = 0.9999964596882403.


Package fontspec Info: latinmodern-math scale = 0.9999964596882403.


Package fontspec Info: latinmodern-math scale = 0.9999964596882403.


Package fontspec Info: Font family 'latinmodern-math.otf(0)' created for font
(fontspec)             'latinmodern-math.otf' with options
(fontspec)             [Scale=MatchLowercase,BoldItalicFont={},ItalicFont={},Sm
allCapsFont={},Script=Math,BoldFont={latinmodern-math.otf}].
(fontspec)              
(fontspec)              This font family consists of the following NFSS
(fontspec)             series/shapes:
(fontspec)              
(fontspec)             - 'normal' (m/n) with NFSS spec.:
(fontspec)             <->s*[0.9999964596882403]"[latinmodern-math.otf]/OT:scri
pt=math;language=dflt;"
(fontspec)             - 'small caps'  (m/sc) with NFSS spec.: 
(fontspec)             - 'bold' (b/n) with NFSS spec.:
(fontspec)             <->s*[0.9999964596882403]"[latinmodern-math.otf]/OT:scri
pt=math;language=dflt;"
(fontspec)             - 'bold small caps'  (b/sc) with NFSS spec.: 

LaTeX Font Info:    Font shape `TU/latinmodern-math.otf(0)/m/n' will be
(Font)              scaled to size 10.0pt on input line 157.

Package fontspec Info: latinmodern-math scale = 0.9999964596882403.


Package fontspec Info: latinmodern-math scale = 0.9999964596882403.


Package fontspec Info: latinmodern-math scale = 0.9999964596882403.


Package fontspec Info: latinmodern-math scale = 0.9999964596882403.


Package fontspec Info: latinmodern-math scale = 0.9999964596882403.


Package fontspec Info: Font family 'latinmodern-math.otf(1)' created for font
(fontspec)             'latinmodern-math.otf' with options
(fontspec)             [Scale=MatchLowercase,BoldItalicFont={},ItalicFont={},Sm
allCapsFont={},Script=Math,SizeFeatures={{Size=8.5-},{Size=6-8.5,Font=latinmode
rn-math.otf,Style=MathScript},{Size=-6,Font=latinmodern-math.otf,Style=MathScri
ptScript}},BoldFont={latinmodern-math.otf}].
(fontspec)              
(fontspec)              This font family consists of the following NFSS
(fontspec)             series/shapes:
(fontspec)              
(fontspec)             - 'normal' (m/n) with NFSS spec.:
(fontspec)             <8.5->s*[0.9999964596882403]"[latinmodern-math.otf]/OT:s
cript=math;language=dflt;"<6-8.5>s*[0.9999964596882403]"[latinmodern-math.otf]/
OT:script=math;language=dflt;+ssty=0;"<-6>s*[0.9999964596882403]"[latinmodern-m
ath.otf]/OT:script=math;language=dflt;+ssty=1;"
(fontspec)             - 'small caps'  (m/sc) with NFSS spec.: 
(fontspec)             - 'bold' (b/n) with NFSS spec.:
(fontspec)             <->s*[0.9999964596882403]"[latinmodern-math.otf]/OT:scri
pt=math;language=dflt;"
(fontspec)             - 'bold small caps'  (b/sc) with NFSS spec.: 

LaTeX Font Info:    Font shape `TU/latinmodern-math.otf(1)/m/n' will be
(Font)              scaled to size 10.0pt on input line 157.
LaTeX Font Info:    Encoding `OT1' has changed to `TU' for symbol font
(Font)              `operators' in the math version `normal' on input line 157.

LaTeX Font Info:    Overwriting symbol font `operators' in version `normal'
(Font)                  OT1/lmr/m/n --> TU/latinmodern-math.otf(1)/m/n on input
 line 157.
LaTeX Font Info:    Encoding `OT1' has changed to `TU' for symbol font
(Font)              `operators' in the math version `bold' on input line 157.
LaTeX Font Info:    Overwriting symbol font `operators' in version `bold'
(Font)                  OT1/lmr/bx/n --> TU/latinmodern-math.otf(1)/b/n on inpu
t line 157.

Package fontspec Info: latinmodern-math scale = 0.9999964596882403.


Package fontspec Info: latinmodern-math scale = 1.000096459334209.


Package fontspec Info: latinmodern-math scale = 0.9999964596882403.


Package fontspec Info: latinmodern-math scale = 1.000096459334209.


Package fontspec Info: latinmodern-math scale = 0.9999964596882403.


Package fontspec Info: latinmodern-math scale = 1.000096459334209.


Package fontspec Info: latinmodern-math scale = 0.9999964596882403.


Package fontspec Info: latinmodern-math scale = 1.000096459334209.


Package fontspec Info: latinmodern-math scale = 0.9999964596882403.


Package fontspec Info: latinmodern-math scale = 1.000096459334209.


Package fontspec Info: Font family 'latinmodern-math.otf(2)' created for font
(fontspec)             'latinmodern-math.otf' with options
(fontspec)             [Scale=MatchLowercase,BoldItalicFont={},ItalicFont={},Sm
allCapsFont={},Script=Math,SizeFeatures={{Size=8.5-},{Size=6-8.5,Font=latinmode
rn-math.otf,Style=MathScript},{Size=-6,Font=latinmodern-math.otf,Style=MathScri
ptScript}},BoldFont={latinmodern-math.otf},ScaleAgain=1.0001,FontAdjustment={\f
ontdimen
(fontspec)             8\font =6.77pt\relax \fontdimen 9\font =3.94pt\relax
(fontspec)             \fontdimen 10\font =4.44pt\relax \fontdimen 11\font
(fontspec)             =6.86pt\relax \fontdimen 12\font =3.45pt\relax
(fontspec)             \fontdimen 13\font =3.63pt\relax \fontdimen 14\font
(fontspec)             =3.63pt\relax \fontdimen 15\font =2.89pt\relax
(fontspec)             \fontdimen 16\font =2.47pt\relax \fontdimen 17\font
(fontspec)             =2.47pt\relax \fontdimen 18\font =2.5pt\relax
(fontspec)             \fontdimen 19\font =2.0pt\relax \fontdimen 22\font
(fontspec)             =2.5pt\relax \fontdimen 20\font =0pt\relax \fontdimen
(fontspec)             21\font =0pt\relax }].
(fontspec)              
(fontspec)              This font family consists of the following NFSS
(fontspec)             series/shapes:
(fontspec)              
(fontspec)             - 'normal' (m/n) with NFSS spec.:
(fontspec)             <8.5->s*[1.000096459334209]"[latinmodern-math.otf]/OT:sc
ript=math;language=dflt;"<6-8.5>s*[1.000096459334209]"[latinmodern-math.otf]/OT
:script=math;language=dflt;+ssty=0;"<-6>s*[1.000096459334209]"[latinmodern-math
.otf]/OT:script=math;language=dflt;+ssty=1;"
(fontspec)             - 'small caps'  (m/sc) with NFSS spec.: 
(fontspec)             and font adjustment code:
(fontspec)             \fontdimen 8\font =6.77pt\relax \fontdimen 9\font
(fontspec)             =3.94pt\relax \fontdimen 10\font =4.44pt\relax
(fontspec)             \fontdimen 11\font =6.86pt\relax \fontdimen 12\font
(fontspec)             =3.45pt\relax \fontdimen 13\font =3.63pt\relax
(fontspec)             \fontdimen 14\font =3.63pt\relax \fontdimen 15\font
(fontspec)             =2.89pt\relax \fontdimen 16\font =2.47pt\relax
(fontspec)             \fontdimen 17\font =2.47pt\relax \fontdimen 18\font
(fontspec)             =2.5pt\relax \fontdimen 19\font =2.0pt\relax \fontdimen
(fontspec)             22\font =2.5pt\relax \fontdimen 20\font =0pt\relax
(fontspec)             \fontdimen 21\font =0pt\relax 
(fontspec)             - 'bold' (b/n) with NFSS spec.:
(fontspec)             <->s*[1.000096459334209]"[latinmodern-math.otf]/OT:scrip
t=math;language=dflt;"
(fontspec)             - 'bold small caps'  (b/sc) with NFSS spec.: 
(fontspec)             and font adjustment code:
(fontspec)             \fontdimen 8\font =6.77pt\relax \fontdimen 9\font
(fontspec)             =3.94pt\relax \fontdimen 10\font =4.44pt\relax
(fontspec)             \fontdimen 11\font =6.86pt\relax \fontdimen 12\font
(fontspec)             =3.45pt\relax \fontdimen 13\font =3.63pt\relax
(fontspec)             \fontdimen 14\font =3.63pt\relax \fontdimen 15\font
(fontspec)             =2.89pt\relax \fontdimen 16\font =2.47pt\relax
(fontspec)             \fontdimen 17\font =2.47pt\relax \fontdimen 18\font
(fontspec)             =2.5pt\relax \fontdimen 19\font =2.0pt\relax \fontdimen
(fontspec)             22\font =2.5pt\relax \fontdimen 20\font =0pt\relax
(fontspec)             \fontdimen 21\font =0pt\relax 

LaTeX Font Info:    Encoding `OMS' has changed to `TU' for symbol font
(Font)              `symbols' in the math version `normal' on input line 157.
LaTeX Font Info:    Overwriting symbol font `symbols' in version `normal'
(Font)                  OMS/lmsy/m/n --> TU/latinmodern-math.otf(2)/m/n on inpu
t line 157.
LaTeX Font Info:    Encoding `OMS' has changed to `TU' for symbol font
(Font)              `symbols' in the math version `bold' on input line 157.
LaTeX Font Info:    Overwriting symbol font `symbols' in version `bold'
(Font)                  OMS/lmsy/b/n --> TU/latinmodern-math.otf(2)/b/n on inpu
t line 157.

Package fontspec Info: latinmodern-math scale = 0.9999964596882403.


Package fontspec Info: latinmodern-math scale = 0.9998964600422715.


Package fontspec Info: latinmodern-math scale = 0.9999964596882403.


Package fontspec Info: latinmodern-math scale = 0.9998964600422715.


Package fontspec Info: latinmodern-math scale = 0.9999964596882403.


Package fontspec Info: latinmodern-math scale = 0.9998964600422715.


Package fontspec Info: latinmodern-math scale = 0.9999964596882403.


Package fontspec Info: latinmodern-math scale = 0.9998964600422715.


Package fontspec Info: latinmodern-math scale = 0.9999964596882403.


Package fontspec Info: latinmodern-math scale = 0.9998964600422715.


Package fontspec Info: Font family 'latinmodern-math.otf(3)' created for font
(fontspec)             'latinmodern-math.otf' with options
(fontspec)             [Scale=MatchLowercase,BoldItalicFont={},ItalicFont={},Sm
allCapsFont={},Script=Math,SizeFeatures={{Size=8.5-},{Size=6-8.5,Font=latinmode
rn-math.otf,Style=MathScript},{Size=-6,Font=latinmodern-math.otf,Style=MathScri
ptScript}},BoldFont={latinmodern-math.otf},ScaleAgain=0.9999,FontAdjustment={\f
ontdimen
(fontspec)             8\font =0.4pt\relax \fontdimen 9\font =2.0pt\relax
(fontspec)             \fontdimen 10\font =1.67pt\relax \fontdimen 11\font
(fontspec)             =1.11pt\relax \fontdimen 12\font =6.0pt\relax
(fontspec)             \fontdimen 13\font =0pt\relax }].
(fontspec)              
(fontspec)              This font family consists of the following NFSS
(fontspec)             series/shapes:
(fontspec)              
(fontspec)             - 'normal' (m/n) with NFSS spec.:
(fontspec)             <8.5->s*[0.9998964600422715]"[latinmodern-math.otf]/OT:s
cript=math;language=dflt;"<6-8.5>s*[0.9998964600422715]"[latinmodern-math.otf]/
OT:script=math;language=dflt;+ssty=0;"<-6>s*[0.9998964600422715]"[latinmodern-m
ath.otf]/OT:script=math;language=dflt;+ssty=1;"
(fontspec)             - 'small caps'  (m/sc) with NFSS spec.: 
(fontspec)             and font adjustment code:
(fontspec)             \fontdimen 8\font =0.4pt\relax \fontdimen 9\font
(fontspec)             =2.0pt\relax \fontdimen 10\font =1.67pt\relax
(fontspec)             \fontdimen 11\font =1.11pt\relax \fontdimen 12\font
(fontspec)             =6.0pt\relax \fontdimen 13\font =0pt\relax 
(fontspec)             - 'bold' (b/n) with NFSS spec.:
(fontspec)             <->s*[0.9998964600422715]"[latinmodern-math.otf]/OT:scri
pt=math;language=dflt;"
(fontspec)             - 'bold small caps'  (b/sc) with NFSS spec.: 
(fontspec)             and font adjustment code:
(fontspec)             \fontdimen 8\font =0.4pt\relax \fontdimen 9\font
(fontspec)             =2.0pt\relax \fontdimen 10\font =1.67pt\relax
(fontspec)             \fontdimen 11\font =1.11pt\relax \fontdimen 12\font
(fontspec)             =6.0pt\relax \fontdimen 13\font =0pt\relax 

LaTeX Font Info:    Encoding `OMX' has changed to `TU' for symbol font
(Font)              `largesymbols' in the math version `normal' on input line 1
57.
LaTeX Font Info:    Overwriting symbol font `largesymbols' in version `normal'
(Font)                  OMX/lmex/m/n --> TU/latinmodern-math.otf(3)/m/n on inpu
t line 157.
LaTeX Font Info:    Encoding `OMX' has changed to `TU' for symbol font
(Font)              `largesymbols' in the math version `bold' on input line 157
.
LaTeX Font Info:    Overwriting symbol font `largesymbols' in version `bold'
(Font)                  OMX/lmex/m/n --> TU/latinmodern-math.otf(3)/b/n on inpu
t line 157.
Package hyperref Info: Link coloring OFF on input line 157.

Package hyperref Warning: Rerun to get /PageLabels entry.

LaTeX Font Info:    Font shape `TU/latinmodern-math.otf(1)/m/n' will be
(Font)              scaled to size 12.0pt on input line 159.
LaTeX Font Info:    Font shape `TU/latinmodern-math.otf(1)/m/n' will be
(Font)              scaled to size 8.0pt on input line 159.
LaTeX Font Info:    Font shape `TU/latinmodern-math.otf(1)/m/n' will be
(Font)              scaled to size 6.0pt on input line 159.
LaTeX Font Info:    Trying to load font information for OML+lmm on input line 1
59.
(/usr/local/texlive/texmf-dist/tex/latex/lm/omllmm.fd
File: omllmm.fd 2015/05/01 v1.6.1 Font defs for Latin Modern
)
LaTeX Font Info:    Font shape `TU/latinmodern-math.otf(2)/m/n' will be
(Font)              scaled to size 12.0011pt on input line 159.
LaTeX Font Info:    Font shape `TU/latinmodern-math.otf(2)/m/n' will be
(Font)              scaled to size 8.00073pt on input line 159.
LaTeX Font Info:    Font shape `TU/latinmodern-math.otf(2)/m/n' will be
(Font)              scaled to size 6.00055pt on input line 159.
LaTeX Font Info:    Font shape `TU/latinmodern-math.otf(3)/m/n' will be
(Font)              scaled to size 11.99872pt on input line 159.
LaTeX Font Info:    Font shape `TU/latinmodern-math.otf(3)/m/n' will be
(Font)              scaled to size 7.99915pt on input line 159.
LaTeX Font Info:    Font shape `TU/latinmodern-math.otf(3)/m/n' will be
(Font)              scaled to size 5.99936pt on input line 159.
LaTeX Font Info:    Trying to load font information for U+msa on input line 159
.
(/usr/local/texlive/texmf-dist/tex/latex/amsfonts/umsa.fd
File: umsa.fd 2013/01/14 v3.01 AMS symbols A
)
LaTeX Font Info:    Trying to load font information for U+msb on input line 159
.
(/usr/local/texlive/texmf-dist/tex/latex/amsfonts/umsb.fd
File: umsb.fd 2013/01/14 v3.01 AMS symbols B
)
Overfull \hbox (109.41603pt too wide) in paragraph at lines 159--159
 [][] 
 []

[1


] [2

]
No file R4EnvChem.toc.
\tf@toc=\write4
\openout4 = `R4EnvChem.toc'.

LaTeX Font Info:    Font shape `TU/lmtt/bx/n' in size <10> not available
(Font)              Font shape `TU/lmtt/b/n' tried instead on input line 166.

Overfull \hbox (90.75pt too wide) in paragraph at lines 181--181
[]\TU/lmtt/m/n/10 ## -- Attaching core tidyverse packages ---------------------
--- tidyverse 2.0.0 --[] 
 []


Overfull \hbox (90.75pt too wide) in paragraph at lines 181--181
[]\TU/lmtt/m/n/10 ## -- Conflicts ------------------------------------------ ti
dyverse_conflicts() --[] 
 []


Overfull \hbox (201.0pt too wide) in paragraph at lines 181--181
[]\TU/lmtt/m/n/10 ## i Use the conflicted package (<http://conflicted.r-lib.org
/>) to force all conflicts to become errors[] 
 []

[3] [4

]
LaTeX Font Info:    Font shape `TU/latinmodern-math.otf(1)/m/n' will be
(Font)              scaled to size 7.0pt on input line 218.
LaTeX Font Info:    Font shape `TU/latinmodern-math.otf(1)/m/n' will be
(Font)              scaled to size 5.0pt on input line 218.
LaTeX Font Info:    Font shape `TU/latinmodern-math.otf(2)/m/n' will be
(Font)              scaled to size 10.00092pt on input line 218.
LaTeX Font Info:    Font shape `TU/latinmodern-math.otf(2)/m/n' will be
(Font)              scaled to size 7.00064pt on input line 218.
LaTeX Font Info:    Font shape `TU/latinmodern-math.otf(2)/m/n' will be
(Font)              scaled to size 5.00046pt on input line 218.
LaTeX Font Info:    Font shape `TU/latinmodern-math.otf(3)/m/n' will be
(Font)              scaled to size 9.99893pt on input line 218.
LaTeX Font Info:    Font shape `TU/latinmodern-math.otf(3)/m/n' will be
(Font)              scaled to size 6.99925pt on input line 218.
LaTeX Font Info:    Font shape `TU/latinmodern-math.otf(3)/m/n' will be
(Font)              scaled to size 4.99947pt on input line 218.
[5] [6] [7

] [8]
Chapter 1.
[9

] [10]
File: images/Rstudio_startup_regions.png Graphic file (type bmp)
<images/Rstudio_startup_regions.png>
[11]
Underfull \hbox (badness 10000) in paragraph at lines 312--314

 []

File: images/Rstudio_newscript.png Graphic file (type bmp)
<images/Rstudio_newscript.png>
File: images/Rstudio_scriptwindow.png Graphic file (type bmp)
<images/Rstudio_scriptwindow.png>
[12] [13]
File: images/Rstudio_darkthemes.png Graphic file (type bmp)
<images/Rstudio_darkthemes.png>
File: images/changing-stuff.jpg Graphic file (type bmp)
<images/changing-stuff.jpg>
[14] [15]
Underfull \vbox (badness 10000) has occurred while \output is active []

[16] [17] [18

]
Chapter 2.

Underfull \hbox (badness 3769) in paragraph at lines 503--503
[]\TU/lmr/bx/n/14.4 Uploading Files to RStudio server on
 []

File: images/upload_rstudio1.png Graphic file (type bmp)
<images/upload_rstudio1.png>

Underfull \vbox (badness 4454) has occurred while \output is active []

[19]
File: images/upload_rstudio2.png Graphic file (type bmp)
<images/upload_rstudio2.png>

Underfull \vbox (badness 10000) has occurred while \output is active []

[20]
File: images/Rstudio_wd.png Graphic file (type bmp)
<images/Rstudio_wd.png>
[21]
Underfull \hbox (badness 3118) in paragraph at lines 563--564
[]\TU/lmr/m/n/10 From RStudio click \TU/lmtt/m/n/10 File \TU/lmr/m/n/10 -> \TU/
lmtt/m/n/10 Open Project... \TU/lmr/m/n/10 and open the
 []

File: images/r-project-open.jpg Graphic file (type bmp)
<images/r-project-open.jpg>
Missing character: There is no │ (U+2502) in font [lmmono10-regular]:!
Missing character: There is no │ (U+2502) in font [lmmono10-regular]:!
Missing character: There is no │ (U+2502) in font [lmmono10-regular]:!
Missing character: There is no └ (U+2514) in font [lmmono10-regular]:!
Missing character: There is no ─ (U+2500) in font [lmmono10-regular]:!
Missing character: There is no ─ (U+2500) in font [lmmono10-regular]:!
Missing character: There is no ─ (U+2500) in font [lmmono10-regular]:!
Missing character: There is no │ (U+2502) in font [lmmono10-regular]:!
[22]
Missing character: There is no │ (U+2502) in font [lmmono10-regular]:!
Missing character: There is no │ (U+2502) in font [lmmono10-regular]:!
Missing character: There is no └ (U+2514) in font [lmmono10-regular]:!
Missing character: There is no ─ (U+2500) in font [lmmono10-regular]:!
Missing character: There is no ─ (U+2500) in font [lmmono10-regular]:!
Missing character: There is no ─ (U+2500) in font [lmmono10-regular]:!
Missing character: There is no │ (U+2502) in font [lmmono10-regular]:!
File: images/Rstudio_newproject.png Graphic file (type bmp)
<images/Rstudio_newproject.png>
[23]
File: images/Rstudio_Rproj.png Graphic file (type bmp)
<images/Rstudio_Rproj.png>
Missing character: There is no └ (U+2514) in font [lmmono10-regular]:!
Missing character: There is no ─ (U+2500) in font [lmmono10-regular]:!
Missing character: There is no ─ (U+2500) in font [lmmono10-regular]:!
Missing character: There is no ─ (U+2500) in font [lmmono10-regular]:!
Missing character: There is no └ (U+2514) in font [lmmono10-regular]:!
Missing character: There is no ─ (U+2500) in font [lmmono10-regular]:!
Missing character: There is no ─ (U+2500) in font [lmmono10-regular]:!
Missing character: There is no ─ (U+2500) in font [lmmono10-regular]:!
Missing character: There is no │ (U+2502) in font [lmmono10-regular]:!
Missing character: There is no └ (U+2514) in font [lmmono10-regular]:!
Missing character: There is no ─ (U+2500) in font [lmmono10-regular]:!
Missing character: There is no ─ (U+2500) in font [lmmono10-regular]:!
Missing character: There is no ─ (U+2500) in font [lmmono10-regular]:!
Missing character: There is no └ (U+2514) in font [lmmono10-regular]:!
Missing character: There is no ─ (U+2500) in font [lmmono10-regular]:!
Missing character: There is no ─ (U+2500) in font [lmmono10-regular]:!
Missing character: There is no ─ (U+2500) in font [lmmono10-regular]:!
Missing character: There is no └ (U+2514) in font [lmmono10-regular]:!
Missing character: There is no ─ (U+2500) in font [lmmono10-regular]:!
Missing character: There is no ─ (U+2500) in font [lmmono10-regular]:!
Missing character: There is no ─ (U+2500) in font [lmmono10-regular]:!
Missing character: There is no │ (U+2502) in font [lmmono10-regular]:!
Missing character: There is no └ (U+2514) in font [lmmono10-regular]:!
Missing character: There is no ─ (U+2500) in font [lmmono10-regular]:!
Missing character: There is no ─ (U+2500) in font [lmmono10-regular]:!
Missing character: There is no ─ (U+2500) in font [lmmono10-regular]:!
[24]
LaTeX Font Info:    Font shape `TU/lmtt/bx/n' in size <14.4> not available
(Font)              Font shape `TU/lmtt/b/n' tried instead on input line 635.
[25]
File: images/shinyapp.png Graphic file (type bmp)
<images/shinyapp.png>
[26] [27] [28

]
Chapter 3.
[29]
File: images/view_source.png Graphic file (type bmp)
<images/view_source.png>
[30]
Underfull \hbox (badness 2173) in paragraph at lines 816--819
\TU/lmr/m/n/10 “R4EnvChem-Exercises” repository to your UofT JupyterHub:
 []

File: images/gitpuller.png Graphic file (type bmp)
<images/gitpuller.png>
[31] [32

] [33] [34]
Chapter 4.
[35

] [36]
Underfull \hbox (badness 10000) in paragraph at lines 970--972

 []

[37] [38] [39]
Underfull \hbox (badness 1383) in paragraph at lines 1161--1162
[]\TU/lmtt/m/n/10 concentration \TU/lmr/m/n/10 for the measured concentration i
n parts-per-million
 []


Overfull \hbox (22.5pt too wide) in paragraph at lines 1187--1187
[]\TU/lmtt/m/n/10 ##    naps    city  p latitude longitude           date.time 
pollutant[] 
 []


Overfull \hbox (22.5pt too wide) in paragraph at lines 1187--1187
[]\TU/lmtt/m/n/10 ## 1 60430 Toronto ON 43.70944  -79.5435 2018-01-01 00:00:00 
       O3[] 
 []


Overfull \hbox (22.5pt too wide) in paragraph at lines 1187--1187
[]\TU/lmtt/m/n/10 ## 2 60430 Toronto ON 43.70944  -79.5435 2018-01-01 00:00:00 
      NO2[] 
 []


Overfull \hbox (22.5pt too wide) in paragraph at lines 1187--1187
[]\TU/lmtt/m/n/10 ## 3 60430 Toronto ON 43.70944  -79.5435 2018-01-01 00:00:00 
      SO2[] 
 []


Overfull \hbox (22.5pt too wide) in paragraph at lines 1187--1187
[]\TU/lmtt/m/n/10 ## 4 60430 Toronto ON 43.70944  -79.5435 2018-01-01 01:00:00 
       O3[] 
 []


Overfull \hbox (22.5pt too wide) in paragraph at lines 1187--1187
[]\TU/lmtt/m/n/10 ## 5 60430 Toronto ON 43.70944  -79.5435 2018-01-01 01:00:00 
      NO2[] 
 []


Overfull \hbox (22.5pt too wide) in paragraph at lines 1187--1187
[]\TU/lmtt/m/n/10 ## 6 60430 Toronto ON 43.70944  -79.5435 2018-01-01 01:00:00 
      SO2[] 
 []

[40]
Overfull \hbox (268.25pt too wide) in paragraph at lines 1196--1197
\TU/lmr/m/n/10 like \TU/lmtt/m/n/10 "C:/User/Your_name/Documents/School/Undergr
ad/Second_Year/R4EnvChemTemplate/data/2018-01-01_60430_Toronto_ON.csv"\TU/lmr/m
/n/10 .
 []

[41] [42]
LaTeX Font Info:    Font shape `TU/lmtt/bx/n' in size <12> not available
(Font)              Font shape `TU/lmtt/b/n' tried instead on input line 1318.
[43]
Underfull \hbox (badness 10000) in paragraph at lines 1383--1385

 []


Underfull \hbox (badness 10000) in paragraph at lines 1385--1387

 []

[44] [45] [46]
Chapter 5.
[47

] [48] [49]

LaTeX Font Warning: Font shape `TU/lmtt/bx/it' in size <10> not available
(Font)              Font shape `TU/lmtt/b/sl' tried instead on input line 1650.


File: images/Rstudio_documentoutline2.png Graphic file (type bmp)
<images/Rstudio_documentoutline2.png>
[50]
File: images/Rstudio_newwindow.png Graphic file (type bmp)
<images/Rstudio_newwindow.png>
File: images/Rstudio_diagnostics.png Graphic file (type bmp)
<images/Rstudio_diagnostics.png>
[51]
File: images/Rstudio_unmatched.png Graphic file (type bmp)
<images/Rstudio_unmatched.png>
[52] [53] [54]
Chapter 6.
[55

]
File: R4EnvChem_files/figure-latex/unnamed-chunk-37-1.pdf Graphic file (type pd
f)
<use R4EnvChem_files/figure-latex/unnamed-chunk-37-1.pdf>
[56] [57] [58]
File: images/knit_options.PNG Graphic file (type bmp)
<images/knit_options.PNG>
File: images/rmd_codeblock_1.png Graphic file (type bmp)
<images/rmd_codeblock_1.png>

Underfull \vbox (badness 10000) has occurred while \output is active []

[59]
File: images/rmd_codeblock_2.png Graphic file (type bmp)
<images/rmd_codeblock_2.png>
File: images/inline_code.png Graphic file (type bmp)
<images/inline_code.png>
File: images/run_code_1.png Graphic file (type bmp)
<images/run_code_1.png>
[60] [61]
File: images/run_code_2.png Graphic file (type bmp)
<images/run_code_2.png>
File: images/run_code_3.png Graphic file (type bmp)
<images/run_code_3.png>
File: images/heading_example.PNG Graphic file (type bmp)
<images/heading_example.PNG>
[62]
Underfull \hbox (badness 10000) in paragraph at lines 2055--2057

 []

[63]
File: images/methane_example.jpeg Graphic file (type bmp)
<images/methane_example.jpeg>

Underfull \hbox (badness 10000) in paragraph at lines 2074--2075
[]\TU/lmtt/m/n/10 \[ \text{CH}_4 + 2\text{O}_2 \rightarrow \text{CO}_2 +
 []


Underfull \hbox (badness 10000) in paragraph at lines 2074--2075
\TU/lmtt/m/n/10 2\text{H}_2\text{O} \] \TU/lmr/m/it/10 or \TU/lmtt/m/n/10 $$ \t
ext{CH}_4 + 2\text{O}_2
 []


Underfull \hbox (badness 10000) in paragraph at lines 2077--2078

 []


Underfull \hbox (badness 10000) in paragraph at lines 2090--2091
[]\TU/lmtt/m/n/10 Methane ($\text{CH}_4$) reacts with oxygen ($\text{O}_2$) to
 []


Overfull \hbox (58.0pt too wide) in paragraph at lines 2090--2091
\TU/lmtt/m/n/10 produce carbon dioxide ($\text{CO}_2$) and water ($\text{H}_2\t
ext{O}$). 
 []

[64]
Underfull \vbox (badness 1629) has occurred while \output is active []

[65] [66]
Underfull \hbox (badness 1590) in paragraph at lines 2268--2269
[]\TU/lmr/m/n/10 Note that in the above the use of image atributes, the \TU/lmt
t/m/n/10 {width=50%,
 []

[67]

Package longtable Warning: Column widths have changed
(longtable)                in table 6.3 on input line 2298.

[68]
Underfull \hbox (badness 10000) in paragraph at lines 2334--2335
[][]\TU/lmtt/m/n/10 ioslides_presentation[]\TU/lmr/m/n/10 , []\TU/lmtt/m/n/10 r
evealjs::revealjs_presentation[]\TU/lmr/m/n/10 , and
 []

[69] [70]
Chapter 7.
[71

] [72]
File: R4EnvChem_files/figure-latex/unnamed-chunk-43-1.pdf Graphic file (type pd
f)
<use R4EnvChem_files/figure-latex/unnamed-chunk-43-1.pdf>
[73] [74] [75] [76

]
Chapter 8.
[77] [78] [79] [80]
Underfull \hbox (badness 10000) in paragraph at lines 2773--2775

 []

[81] [82

] [83] [84]
Chapter 9.
File: images/data-science-workflow.png Graphic file (type bmp)
<images/data-science-workflow.png>
[85

]
Overfull \vbox (0.1597pt too high) detected at line 2835
 []

[86]
Overfull \hbox (573.75pt too wide) in paragraph at lines 2847--2847
[]\TU/lmtt/m/n/10 ## PhantomJS not found. You can install it with webshot::inst
all_phantomjs(). If it is installed, please make sure the phantomjs executable 
can be found via the PATH variable.[] 
 []


Overfull \hbox (18.10002pt too wide) in paragraph at lines 2881--2882
[]\TU/lmr/m/n/10 Column names should be self-explanatory. Let’s rename \TU/lmtt
/m/n/10 wind \TU/lmr/m/n/10 to \TU/lmtt/m/n/10 wind_speed_knots\TU/lmr/m/n/10 .
 
 []

[87]
File: R4EnvChem_files/figure-latex/unnamed-chunk-64-1.pdf Graphic file (type pd
f)
<use R4EnvChem_files/figure-latex/unnamed-chunk-64-1.pdf>

Underfull \vbox (badness 10000) has occurred while \output is active []

[88] [89] [90

]
Chapter 10.
[91]
Overfull \hbox (90.75pt too wide) in paragraph at lines 2978--2978
[]\TU/lmtt/m/n/10 ## -- Column specification ----------------------------------
----------------------[] 
 []


Overfull \hbox (59.25pt too wide) in paragraph at lines 2978--2978
[]\TU/lmtt/m/n/10 ## dbl (5): wavenumber, EPDM, Polystyrene, Polyethylene, Samp
le: Shopping bag[] 
 []


Overfull \hbox (43.5pt too wide) in paragraph at lines 2978--2978
[]\TU/lmtt/m/n/10 ## i Use []spec()[] to retrieve the full column specification
 for this data.[] 
 []


Overfull \hbox (96.0pt too wide) in paragraph at lines 2978--2978
[]\TU/lmtt/m/n/10 ## i Specify the column types or set []show_col_types = FALSE
[] to quiet this message.[] 
 []


Overfull \hbox (17.25pt too wide) in paragraph at lines 3018--3018
[]\TU/lmtt/m/n/10 ##   wavenumber  EPDM Polystyrene Polyethylene []Sample: Shop
ping bag[][] 
 []


Overfull \hbox (17.25pt too wide) in paragraph at lines 3018--3018
[]\TU/lmtt/m/n/10 ##        <dbl> <dbl>       <dbl>        <dbl>               
   <dbl>[] 
 []


Overfull \hbox (17.25pt too wide) in paragraph at lines 3018--3018
[]\TU/lmtt/m/n/10 ## 1       550. 0.212      0.0746     0.000873               
  0.0236[] 
 []


Overfull \hbox (17.25pt too wide) in paragraph at lines 3018--3018
[]\TU/lmtt/m/n/10 ## 2       551. 0.212      0.0746     0.000834               
  0.0238[] 
 []


Overfull \hbox (17.25pt too wide) in paragraph at lines 3018--3018
[]\TU/lmtt/m/n/10 ## 3       551. 0.213      0.0745     0.000819               
  0.0239[] 
 []


Overfull \hbox (17.25pt too wide) in paragraph at lines 3018--3018
[]\TU/lmtt/m/n/10 ## 4       552. 0.213      0.0745     0.000825               
  0.0239[] 
 []


Overfull \hbox (17.25pt too wide) in paragraph at lines 3018--3018
[]\TU/lmtt/m/n/10 ## 5       552. 0.214      0.0745     0.000868               
  0.0240[] 
 []


Overfull \hbox (17.25pt too wide) in paragraph at lines 3018--3018
[]\TU/lmtt/m/n/10 ## 6       553. 0.214      0.0746     0.000949               
  0.0240[] 
 []

[92]
Overfull \hbox (90.75pt too wide) in paragraph at lines 3038--3038
[]\TU/lmtt/m/n/10 ## -- Column specification ----------------------------------
----------------------[] 
 []


Overfull \hbox (43.5pt too wide) in paragraph at lines 3038--3038
[]\TU/lmtt/m/n/10 ## i Use []spec()[] to retrieve the full column specification
 for this data.[] 
 []


Overfull \hbox (96.0pt too wide) in paragraph at lines 3038--3038
[]\TU/lmtt/m/n/10 ## i Specify the column types or set []show_col_types = FALSE
[] to quiet this message.[] 
 []


Overfull \hbox (27.75pt too wide) in paragraph at lines 3050--3050
[]\TU/lmtt/m/n/10 ## 1 wavenumber EPDM      Polystyrene Polyethylene Sample: Sh
opping bag[] 
 []


Overfull \hbox (90.75pt too wide) in paragraph at lines 3068--3068
[]\TU/lmtt/m/n/10 ## -- Column specification ----------------------------------
----------------------[] 
 []


Overfull \hbox (43.5pt too wide) in paragraph at lines 3068--3068
[]\TU/lmtt/m/n/10 ## i Use []spec()[] to retrieve the full column specification
 for this data.[] 
 []


Overfull \hbox (96.0pt too wide) in paragraph at lines 3068--3068
[]\TU/lmtt/m/n/10 ## i Specify the column types or set []show_col_types = FALSE
[] to quiet this message.[] 
 []

[93]
Overfull \hbox (17.25pt too wide) in paragraph at lines 3102--3102
[]\TU/lmtt/m/n/10 ##   wavenumber  EPDM Polystyrene Polyethylene []Sample: Shop
ping bag[][] 
 []


Overfull \hbox (17.25pt too wide) in paragraph at lines 3102--3102
[]\TU/lmtt/m/n/10 ##        <dbl> <dbl>       <dbl>        <dbl>               
   <dbl>[] 
 []


Overfull \hbox (17.25pt too wide) in paragraph at lines 3102--3102
[]\TU/lmtt/m/n/10 ## 1      3998. 0.113      0.0706  0                         
  0.0664[] 
 []


Overfull \hbox (17.25pt too wide) in paragraph at lines 3102--3102
[]\TU/lmtt/m/n/10 ## 2      3998. 0.113      0.0706  0.000000582               
  0.0664[] 
 []


Overfull \hbox (17.25pt too wide) in paragraph at lines 3102--3102
[]\TU/lmtt/m/n/10 ## 3      3999. 0.113      0.0706  0.0000242                 
  0.0664[] 
 []


Overfull \hbox (17.25pt too wide) in paragraph at lines 3102--3102
[]\TU/lmtt/m/n/10 ## 4      3999. 0.113      0.0706  0.000067                  
  0.0664[] 
 []


Overfull \hbox (17.25pt too wide) in paragraph at lines 3102--3102
[]\TU/lmtt/m/n/10 ## 5      4000. 0.113      0.0706  0.000125                  
  0.0664[] 
 []


Overfull \hbox (17.25pt too wide) in paragraph at lines 3102--3102
[]\TU/lmtt/m/n/10 ## 6      4000. 0.113      0.0706  0.000195                  
  0.0663[] 
 []

[94] [95] [96

]
Chapter 11.

LaTeX Warning: Reference `fig:tidy-example' on page 97 undefined on input line 
3166.


LaTeX Warning: Reference `fig:tidy-example' on page 97 undefined on input line 
3166.


LaTeX Warning: Reference `fig:tidy-example' on page 97 undefined on input line 
3166.

File: images/tidy-example.png Graphic file (type bmp)
<images/tidy-example.png>

Overfull \hbox (105.53468pt too wide) in paragraph at lines 3169--3169
[][]
 []

[97]

LaTeX Warning: Reference `fig:tidy-example' on page 98 undefined on input line 
3192.

[98]
File: R4EnvChem_files/figure-latex/unnamed-chunk-74-1.pdf Graphic file (type pd
f)
<use R4EnvChem_files/figure-latex/unnamed-chunk-74-1.pdf>
File: R4EnvChem_files/figure-latex/unnamed-chunk-74-2.pdf Graphic file (type pd
f)
<use R4EnvChem_files/figure-latex/unnamed-chunk-74-2.pdf>

Underfull \vbox (badness 10000) has occurred while \output is active []

[99] [100] [101] [102]
Underfull \vbox (badness 10000) has occurred while \output is active []

[103] [104] [105] [106

]
Chapter 12.

LaTeX Warning: Reference `fig:tidy-example' on page 107 undefined on input line
 3473.

[107]
File: R4EnvChem_files/figure-latex/unnamed-chunk-86-1.pdf Graphic file (type pd
f)
<use R4EnvChem_files/figure-latex/unnamed-chunk-86-1.pdf>
File: R4EnvChem_files/figure-latex/unnamed-chunk-86-2.pdf Graphic file (type pd
f)
<use R4EnvChem_files/figure-latex/unnamed-chunk-86-2.pdf>

Underfull \vbox (badness 10000) has occurred while \output is active []

[108] [109]
File: R4EnvChem_files/figure-latex/unnamed-chunk-88-1.pdf Graphic file (type pd
f)
<use R4EnvChem_files/figure-latex/unnamed-chunk-88-1.pdf>
[110]
Overfull \hbox (85.5pt too wide) in paragraph at lines 3575--3575
[]\TU/lmtt/m/n/10 ##   wavelength_nm Chemical_A_0_mM Chemical_A_1_mM Chemical_B
_0_mM Chemical_B_1_mM[] 
 []


Overfull \hbox (85.5pt too wide) in paragraph at lines 3575--3575
[]\TU/lmtt/m/n/10 ## 1           488               0               1           
    2              NA[] 
 []


Overfull \hbox (85.5pt too wide) in paragraph at lines 3575--3575
[]\TU/lmtt/m/n/10 ## 2           572               0               5           
    7              20[] 
 []


Underfull \vbox (badness 1675) has occurred while \output is active []

[111]
Overfull \hbox (17.25pt too wide) in paragraph at lines 3632--3632
[]\TU/lmtt/m/n/10 ##   wavenumber  EPDM Polystyrene Polyethylene []Sample: Shop
ping bag[][] 
 []


Overfull \hbox (17.25pt too wide) in paragraph at lines 3632--3632
[]\TU/lmtt/m/n/10 ##        <dbl> <dbl>       <dbl>        <dbl>               
   <dbl>[] 
 []


Overfull \hbox (17.25pt too wide) in paragraph at lines 3632--3632
[]\TU/lmtt/m/n/10 ## 1       550. 0.212      0.0746     0.000873               
  0.0236[] 
 []


Overfull \hbox (17.25pt too wide) in paragraph at lines 3632--3632
[]\TU/lmtt/m/n/10 ## 2       551. 0.212      0.0746     0.000834               
  0.0238[] 
 []


Overfull \hbox (17.25pt too wide) in paragraph at lines 3632--3632
[]\TU/lmtt/m/n/10 ## 3       551. 0.213      0.0745     0.000819               
  0.0239[] 
 []


Overfull \hbox (17.25pt too wide) in paragraph at lines 3632--3632
[]\TU/lmtt/m/n/10 ## 4       552. 0.213      0.0745     0.000825               
  0.0239[] 
 []


Overfull \hbox (17.25pt too wide) in paragraph at lines 3632--3632
[]\TU/lmtt/m/n/10 ## 5       552. 0.214      0.0745     0.000868               
  0.0240[] 
 []


Overfull \hbox (17.25pt too wide) in paragraph at lines 3632--3632
[]\TU/lmtt/m/n/10 ## 6       553. 0.214      0.0746     0.000949               
  0.0240[] 
 []

[112] [113] [114

]
Chapter 13.
[115]
Underfull \vbox (badness 2065) has occurred while \output is active []

[116] [117]
Underfull \vbox (badness 4479) has occurred while \output is active []

[118] [119] [120] [121] [122] [123] [124]
Overfull \hbox (8.83pt too wide) in paragraph at lines 4256--4273
[][] 
 []

[125]
Overfull \hbox (38.25pt too wide) in paragraph at lines 4304--4304
[]\TU/lmtt/m/n/10 ## []summarise()[] has grouped output by []type[]. You can ov
erride using the[] 
 []

[126] [127] [128] [129] [130

]
Chapter 14.

Overfull \hbox (90.75pt too wide) in paragraph at lines 4482--4482
[]\TU/lmtt/m/n/10 ## -- Column specification ----------------------------------
----------------------[] 
 []


Overfull \hbox (59.25pt too wide) in paragraph at lines 4482--4482
[]\TU/lmtt/m/n/10 ## dbl (5): wavenumber, EPDM, Polystyrene, Polyethylene, Samp
le: Shopping bag[] 
 []


Overfull \hbox (43.5pt too wide) in paragraph at lines 4482--4482
[]\TU/lmtt/m/n/10 ## i Use []spec()[] to retrieve the full column specification
 for this data.[] 
 []


Overfull \hbox (96.0pt too wide) in paragraph at lines 4482--4482
[]\TU/lmtt/m/n/10 ## i Specify the column types or set []show_col_types = FALSE
[] to quiet this message.[] 
 []

[131]
File: R4EnvChem_files/figure-latex/unnamed-chunk-120-1.pdf Graphic file (type p
df)
<use R4EnvChem_files/figure-latex/unnamed-chunk-120-1.pdf>
[132]
File: R4EnvChem_files/figure-latex/unnamed-chunk-121-1.pdf Graphic file (type p
df)
<use R4EnvChem_files/figure-latex/unnamed-chunk-121-1.pdf>
File: R4EnvChem_files/figure-latex/unnamed-chunk-122-1.pdf Graphic file (type p
df)
<use R4EnvChem_files/figure-latex/unnamed-chunk-122-1.pdf>

Underfull \vbox (badness 10000) has occurred while \output is active []

[133]
File: R4EnvChem_files/figure-latex/unnamed-chunk-123-1.pdf Graphic file (type p
df)
<use R4EnvChem_files/figure-latex/unnamed-chunk-123-1.pdf>

Underfull \vbox (badness 10000) has occurred while \output is active []

[134]
File: R4EnvChem_files/figure-latex/unnamed-chunk-124-1.pdf Graphic file (type p
df)
<use R4EnvChem_files/figure-latex/unnamed-chunk-124-1.pdf>

Underfull \vbox (badness 10000) has occurred while \output is active []

[135]
File: R4EnvChem_files/figure-latex/unnamed-chunk-125-1.pdf Graphic file (type p
df)
<use R4EnvChem_files/figure-latex/unnamed-chunk-125-1.pdf>

Underfull \vbox (badness 10000) has occurred while \output is active []

[136]
File: R4EnvChem_files/figure-latex/unnamed-chunk-126-1.pdf Graphic file (type p
df)
<use R4EnvChem_files/figure-latex/unnamed-chunk-126-1.pdf>

Underfull \vbox (badness 10000) has occurred while \output is active []

[137]
File: R4EnvChem_files/figure-latex/unnamed-chunk-127-1.pdf Graphic file (type p
df)
<use R4EnvChem_files/figure-latex/unnamed-chunk-127-1.pdf>

Underfull \vbox (badness 10000) has occurred while \output is active []

[138]
File: R4EnvChem_files/figure-latex/unnamed-chunk-128-1.pdf Graphic file (type p
df)
<use R4EnvChem_files/figure-latex/unnamed-chunk-128-1.pdf>

Underfull \vbox (badness 10000) has occurred while \output is active []

[139] [140]
Chapter 15.

Overfull \vbox (0.68927pt too high) detected at line 4694
 []

[141

]
File: R4EnvChem_files/figure-latex/unnamed-chunk-130-1.pdf Graphic file (type p
df)
<use R4EnvChem_files/figure-latex/unnamed-chunk-130-1.pdf>
[142] [143] [144]

! Package fontspec Error: The font "DejaVu Sans" cannot be found.

For immediate help type H <return>.
 ...                                              
                                                  
l.4883 ...t{\global\setmainfont{DejaVu Sans}{p}}}}
                                                   & \multicolumn{1}{>{\ragg...
 
Here is how much of TeX's memory you used:
 18277 strings out of 476831
 340083 string characters out of 5804690
 1938106 words of memory out of 5000000
 39916 multiletter control sequences out of 15000+600000
 564632 words of font info for 103 fonts, out of 8000000 for 9000
 14 hyphenation exceptions out of 8191
 90i,10n,120p,1176b,512s stack positions out of 10000i,1000n,20000p,200000b,200000s
Output written on R4EnvChem.pdf (144 pages).
